CommandIndex Status
  Index root:    .
  Version:       0.0.5
  Created:       2026-03-22 12:02:10.329653 UTC UTC
  Last updated:  2026-03-22 12:02:10.329653 UTC UTC
  Total files:   2
  Total sections: 2
  Files by type: Markdown=2, TypeScript=0, Python=0
  Symbols:       0
  Index size:    82.1 KB

Coverage
  Discoverable files:  0
  Indexed files:       2
  Skipped files:       0
  Embedding files:     0
  Embedding model:     nomic-embed-text

Storage
  Tantivy index:   5.3 KB
  Symbols DB:      76.0 KB
  Embeddings DB:   0 B
  Other:           738 B
  Total:           82.1 KB
