   Compiling commandindex v0.0.5 (/Users/maenokota/share/work/github_kewton/commandindex-develop)
    Finished `test` profile [unoptimized + debuginfo] target(s) in 3.60s
     Running unittests src/lib.rs (target/debug/deps/commandindex-1f2e8631f00a02df)
     Running unittests src/main.rs (target/debug/deps/commandindex-ee959cfd23689e57)
     Running tests/cli_args.rs (target/debug/deps/cli_args-295848b44fa0cdef)
     Running tests/cli_clean.rs (target/debug/deps/cli_clean-93d2d6c5ab8d82ea)
     Running tests/cli_export.rs (target/debug/deps/cli_export-e59e13c06761afed)
     Running tests/cli_import.rs (target/debug/deps/cli_import-effaf608b3f905fc)
     Running tests/cli_index.rs (target/debug/deps/cli_index-69c4455c611b452a)
     Running tests/cli_status.rs (target/debug/deps/cli_status-fbf6334715499b77)
     Running tests/diff_detection.rs (target/debug/deps/diff_detection-90e95137979191cc)
     Running tests/e2e_code_index.rs (target/debug/deps/e2e_code_index-9139cad456f313be)
     Running tests/e2e_context_pack.rs (target/debug/deps/e2e_context_pack-88160485c23a7e9c)
     Running tests/e2e_embedding.rs (target/debug/deps/e2e_embedding-23991d80279405b0)
     Running tests/e2e_export_import.rs (target/debug/deps/e2e_export_import-51c761ffec4c28aa)
     Running tests/e2e_integration.rs (target/debug/deps/e2e_integration-0043be02d329ee61)
     Running tests/e2e_phase3_integration.rs (target/debug/deps/e2e_phase3_integration-732bc323d799a2c8)
     Running tests/e2e_related_search.rs (target/debug/deps/e2e_related_search-698edd504b39c8d8)
     Running tests/e2e_semantic_hybrid.rs (target/debug/deps/e2e_semantic_hybrid-3b8787b95e977d1b)
     Running tests/e2e_symbol_search.rs (target/debug/deps/e2e_symbol_search-61760419607e2ae3)
     Running tests/e2e_team_workflow.rs (target/debug/deps/e2e_team_workflow-d75db5187b5b0dc3)
     Running tests/e2e_update.rs (target/debug/deps/e2e_update-692ead5020c0593c)
     Running tests/e2e_verify.rs (target/debug/deps/e2e_verify-e11caaa8f6eb0f38)
     Running tests/e2e_workspace.rs (target/debug/deps/e2e_workspace-05edd86a717f5009)
     Running tests/ignore_filter.rs (target/debug/deps/ignore_filter-ed45905700cecae0)
     Running tests/incremental_update.rs (target/debug/deps/incremental_update-33352d624c9ed41b)
     Running tests/indexer_state.rs (target/debug/deps/indexer_state-8edd093cf42a4e50)
     Running tests/indexer_tantivy.rs (target/debug/deps/indexer_tantivy-0b14b993cfdb87df)
     Running tests/output_format.rs (target/debug/deps/output_format-f0bc5b5ef9d7ef00)
     Running tests/parser_markdown.rs (target/debug/deps/parser_markdown-10b2bddbe1edd42d)
     Running tests/parser_python.rs (target/debug/deps/parser_python-3ca05b7b65bd6693)
     Running tests/parser_typescript.rs (target/debug/deps/parser_typescript-1efa1d3c47b2ade1)
     Running tests/workspace_config.rs (target/debug/deps/workspace_config-88af1aa8f98600c1)
   Doc-tests commandindex
