{
  "target_files": [
    "docs/auth/design.md"
  ],
  "context": [
    {
      "path": "../../src/auth/handler.md",
      "relation": "linked",
      "score": 1.4
    },
    {
      "path": "api-spec",
      "relation": "linked",
      "score": 1.0
    },
    {
      "path": "docs/security.md",
      "relation": "tag_match",
      "score": 0.9,
      "heading": "Security Guide",
      "snippet": "Security guidelines."
    },
    {
      "path": "src/auth/handler.md",
      "relation": "tag_match",
      "score": 0.9,
      "heading": "Handler",
      "snippet": "Handler implementation docs."
    },
    {
      "path": "docs/api-spec.md",
      "relation": "tag_match",
      "score": 0.9,
      "heading": "API Specification",
      "snippet": "API details here."
    },
    {
      "path": "docs/auth/flows.md",
      "relation": "tag_match",
      "score": 0.7,
      "heading": "Auth Flows",
      "snippet": "Authentication flows."
    }
  ],
  "summary": {
    "total_related": 6,
    "included": 6,
    "estimated_tokens": 21
  }
}