    Finished `test` profile [unoptimized + debuginfo] target(s) in 0.15s
     Running unittests src/lib.rs (target/debug/deps/commandindex-1506d9f1c0e7d447)
     Running unittests src/main.rs (target/debug/deps/commandindex-e1d674b03e33893b)
     Running tests/cli_args.rs (target/debug/deps/cli_args-20d68ac05687b9b3)
     Running tests/cli_clean.rs (target/debug/deps/cli_clean-58288c5ac28fab42)
     Running tests/cli_index.rs (target/debug/deps/cli_index-89c80125f71306df)
     Running tests/cli_status.rs (target/debug/deps/cli_status-06c702c375e228ee)
     Running tests/diff_detection.rs (target/debug/deps/diff_detection-d3ff95311b6224f8)
     Running tests/e2e_code_index.rs (target/debug/deps/e2e_code_index-4ee34b04d088ca49)
     Running tests/e2e_context_pack.rs (target/debug/deps/e2e_context_pack-7de1d8f212b6f0f6)
     Running tests/e2e_integration.rs (target/debug/deps/e2e_integration-83c629a01d1a0ebb)
     Running tests/e2e_phase3_integration.rs (target/debug/deps/e2e_phase3_integration-75539590b9b76339)
     Running tests/e2e_related_search.rs (target/debug/deps/e2e_related_search-41780577fe4a210a)
     Running tests/e2e_symbol_search.rs (target/debug/deps/e2e_symbol_search-d661a519a53f7aed)
     Running tests/e2e_update.rs (target/debug/deps/e2e_update-2c3e54338cb0b2e6)
     Running tests/ignore_filter.rs (target/debug/deps/ignore_filter-d33afccd61e142fe)
     Running tests/incremental_update.rs (target/debug/deps/incremental_update-f48279155de3b58a)
     Running tests/indexer_state.rs (target/debug/deps/indexer_state-319a4de2aa96451c)
     Running tests/indexer_tantivy.rs (target/debug/deps/indexer_tantivy-8f83eb6bbfc55cea)
     Running tests/output_format.rs (target/debug/deps/output_format-9ca30cb9b28d1e88)
     Running tests/parser_markdown.rs (target/debug/deps/parser_markdown-bd0cd7c4200ef437)
     Running tests/parser_python.rs (target/debug/deps/parser_python-63724ab0b2776543)
     Running tests/parser_typescript.rs (target/debug/deps/parser_typescript-70a048227d4be498)
   Doc-tests commandindex
