   Compiling commandindex v0.0.4 (/Users/maenokota/share/work/github_kewton/commandindex-develop)
    Finished `test` profile [unoptimized + debuginfo] target(s) in 2.72s
     Running unittests src/lib.rs (target/debug/deps/commandindex-63d5fbf7e9d54fda)
     Running unittests src/main.rs (target/debug/deps/commandindex-813eb7cfbcb7d035)
     Running tests/cli_args.rs (target/debug/deps/cli_args-a57c86aba475156e)
     Running tests/cli_clean.rs (target/debug/deps/cli_clean-b470bfd76885239d)
     Running tests/cli_index.rs (target/debug/deps/cli_index-1e6fe31b9a989084)
     Running tests/cli_status.rs (target/debug/deps/cli_status-f42bfdd7f59ecc59)
     Running tests/diff_detection.rs (target/debug/deps/diff_detection-7a2a5a033c3e2de8)
     Running tests/e2e_code_index.rs (target/debug/deps/e2e_code_index-44ca9d122059d693)
     Running tests/e2e_context_pack.rs (target/debug/deps/e2e_context_pack-bce2f6c8a0ba9c2a)
     Running tests/e2e_embedding.rs (target/debug/deps/e2e_embedding-ad70c5d0d3f1ea26)
     Running tests/e2e_integration.rs (target/debug/deps/e2e_integration-70c115119bdd3ee1)
     Running tests/e2e_phase3_integration.rs (target/debug/deps/e2e_phase3_integration-4b1141a18fe469a5)
     Running tests/e2e_related_search.rs (target/debug/deps/e2e_related_search-dace5ba8654f975c)
     Running tests/e2e_semantic_hybrid.rs (target/debug/deps/e2e_semantic_hybrid-25ebe8e8dc158642)
     Running tests/e2e_symbol_search.rs (target/debug/deps/e2e_symbol_search-a2c63f0d320a5fd3)
     Running tests/e2e_update.rs (target/debug/deps/e2e_update-60e129582b705654)
     Running tests/ignore_filter.rs (target/debug/deps/ignore_filter-024bd0c621255d6b)
     Running tests/incremental_update.rs (target/debug/deps/incremental_update-233ccb82702194b7)
     Running tests/indexer_state.rs (target/debug/deps/indexer_state-9a27b74bfc7380de)
     Running tests/indexer_tantivy.rs (target/debug/deps/indexer_tantivy-88a34a1aef22e5b5)
     Running tests/output_format.rs (target/debug/deps/output_format-1cb99e45d67fd94a)
     Running tests/parser_markdown.rs (target/debug/deps/parser_markdown-324c7424ffd43cbb)
     Running tests/parser_python.rs (target/debug/deps/parser_python-59657c31b49b0150)
     Running tests/parser_typescript.rs (target/debug/deps/parser_typescript-6af32aa7168586e2)
   Doc-tests commandindex
